Sat, 09 Dec 2017 16:21:11 +0100 [WARNING] request="087f6ba1c17c8" component="TYPO3.CMS.Core.Utility.ExtensionManagementUtility": TYPO3\CMS\Core\Category\CategoryRegistry: no category registered for table "pages". Key was already registered. 
Sat, 09 Dec 2017 16:21:11 +0100 [WARNING] request="087f6ba1c17c8" component="TYPO3.CMS.Core.Utility.ExtensionManagementUtility": TYPO3\CMS\Core\Category\CategoryRegistry: no category registered for table "sys_file_metadata". Key was already registered. 
Sat, 09 Dec 2017 16:21:11 +0100 [WARNING] request="087f6ba1c17c8" component="TYPO3.CMS.Core.Utility.ExtensionManagementUtility": TYPO3\CMS\Core\Category\CategoryRegistry: no category registered for table "tt_content". Key was already registered. 
Sat, 09 Dec 2017 16:21:22 +0100 [WARNING] request="27038d11cd189" component="TYPO3.CMS.Core.Utility.ExtensionManagementUtility": TYPO3\CMS\Core\Category\CategoryRegistry: no category registered for table "pages". Key was already registered. 
Sat, 09 Dec 2017 16:21:22 +0100 [WARNING] request="27038d11cd189" component="TYPO3.CMS.Core.Utility.ExtensionManagementUtility": TYPO3\CMS\Core\Category\CategoryRegistry: no category registered for table "sys_file_metadata". Key was already registered. 
Sat, 09 Dec 2017 16:21:22 +0100 [WARNING] request="27038d11cd189" component="TYPO3.CMS.Core.Utility.ExtensionManagementUtility": TYPO3\CMS\Core\Category\CategoryRegistry: no category registered for table "tt_content". Key was already registered. 
Sat, 09 Dec 2017 20:44:17 +0100 [WARNING] request="3ac5761a8eafe" component="TYPO3.CMS.Core.Utility.ExtensionManagementUtility": TYPO3\CMS\Core\Category\CategoryRegistry: no category registered for table "pages". Key was already registered. 
Sat, 09 Dec 2017 20:44:17 +0100 [WARNING] request="3ac5761a8eafe" component="TYPO3.CMS.Core.Utility.ExtensionManagementUtility": TYPO3\CMS\Core\Category\CategoryRegistry: no category registered for table "sys_file_metadata". Key was already registered. 
Sat, 09 Dec 2017 20:44:17 +0100 [WARNING] request="3ac5761a8eafe" component="TYPO3.CMS.Core.Utility.ExtensionManagementUtility": TYPO3\CMS\Core\Category\CategoryRegistry: no category registered for table "tt_content". Key was already registered. 
Sat, 09 Dec 2017 20:44:32 +0100 [WARNING] request="0c0f4a0a4998d" component="TYPO3.CMS.Core.Utility.ExtensionManagementUtility": TYPO3\CMS\Core\Category\CategoryRegistry: no category registered for table "pages". Key was already registered. 
Sat, 09 Dec 2017 20:44:32 +0100 [WARNING] request="0c0f4a0a4998d" component="TYPO3.CMS.Core.Utility.ExtensionManagementUtility": TYPO3\CMS\Core\Category\CategoryRegistry: no category registered for table "sys_file_metadata". Key was already registered. 
Sat, 09 Dec 2017 20:44:32 +0100 [WARNING] request="0c0f4a0a4998d" component="TYPO3.CMS.Core.Utility.ExtensionManagementUtility": TYPO3\CMS\Core\Category\CategoryRegistry: no category registered for table "tt_content". Key was already registered. 
Sat, 09 Dec 2017 20:44:46 +0100 [WARNING] request="0d451fbf2d1a1" component="TYPO3.CMS.Core.Utility.ExtensionManagementUtility": TYPO3\CMS\Core\Category\CategoryRegistry: no category registered for table "pages". Key was already registered. 
Sat, 09 Dec 2017 20:44:46 +0100 [WARNING] request="0d451fbf2d1a1" component="TYPO3.CMS.Core.Utility.ExtensionManagementUtility": TYPO3\CMS\Core\Category\CategoryRegistry: no category registered for table "sys_file_metadata". Key was already registered. 
Sat, 09 Dec 2017 20:44:46 +0100 [WARNING] request="0d451fbf2d1a1" component="TYPO3.CMS.Core.Utility.ExtensionManagementUtility": TYPO3\CMS\Core\Category\CategoryRegistry: no category registered for table "tt_content". Key was already registered. 
Sat, 09 Dec 2017 20:44:47 +0100 [WARNING] request="0d451fbf2d1a1" component="TYPO3.CMS.Core.Utility.ExtensionManagementUtility": TYPO3\CMS\Core\Category\CategoryRegistry: no category registered for table "pages". Key was already registered. 
Sat, 09 Dec 2017 20:44:47 +0100 [WARNING] request="0d451fbf2d1a1" component="TYPO3.CMS.Core.Utility.ExtensionManagementUtility": TYPO3\CMS\Core\Category\CategoryRegistry: no category registered for table "sys_file_metadata". Key was already registered. 
Sat, 09 Dec 2017 20:44:47 +0100 [WARNING] request="0d451fbf2d1a1" component="TYPO3.CMS.Core.Utility.ExtensionManagementUtility": TYPO3\CMS\Core\Category\CategoryRegistry: no category registered for table "tt_content". Key was already registered. 
Sat, 09 Dec 2017 20:44:58 +0100 [WARNING] request="e6af47f1a873f" component="TYPO3.CMS.Core.Utility.ExtensionManagementUtility": TYPO3\CMS\Core\Category\CategoryRegistry: no category registered for table "pages". Key was already registered. 
Sat, 09 Dec 2017 20:44:58 +0100 [WARNING] request="e6af47f1a873f" component="TYPO3.CMS.Core.Utility.ExtensionManagementUtility": TYPO3\CMS\Core\Category\CategoryRegistry: no category registered for table "sys_file_metadata". Key was already registered. 
Sat, 09 Dec 2017 20:44:58 +0100 [WARNING] request="e6af47f1a873f" component="TYPO3.CMS.Core.Utility.ExtensionManagementUtility": TYPO3\CMS\Core\Category\CategoryRegistry: no category registered for table "tt_content". Key was already registered. 
Sun, 10 Dec 2017 17:01:09 +0100 [WARNING] request="291d70100a62b" component="TYPO3.CMS.Core.Utility.ExtensionManagementUtility": TYPO3\CMS\Core\Category\CategoryRegistry: no category registered for table "pages". Key was already registered. 
Sun, 10 Dec 2017 17:01:09 +0100 [WARNING] request="291d70100a62b" component="TYPO3.CMS.Core.Utility.ExtensionManagementUtility": TYPO3\CMS\Core\Category\CategoryRegistry: no category registered for table "sys_file_metadata". Key was already registered. 
Sun, 10 Dec 2017 17:01:09 +0100 [WARNING] request="291d70100a62b" component="TYPO3.CMS.Core.Utility.ExtensionManagementUtility": TYPO3\CMS\Core\Category\CategoryRegistry: no category registered for table "tt_content". Key was already registered. 
Sun, 10 Dec 2017 17:01:50 +0100 [WARNING] request="a42fc7fa36bf4" component="TYPO3.CMS.Core.Utility.ExtensionManagementUtility": TYPO3\CMS\Core\Category\CategoryRegistry: no category registered for table "pages". Key was already registered. 
Sun, 10 Dec 2017 17:01:50 +0100 [WARNING] request="a42fc7fa36bf4" component="TYPO3.CMS.Core.Utility.ExtensionManagementUtility": TYPO3\CMS\Core\Category\CategoryRegistry: no category registered for table "sys_file_metadata". Key was already registered. 
Sun, 10 Dec 2017 17:01:50 +0100 [WARNING] request="a42fc7fa36bf4" component="TYPO3.CMS.Core.Utility.ExtensionManagementUtility": TYPO3\CMS\Core\Category\CategoryRegistry: no category registered for table "tt_content". Key was already registered. 
Sun, 10 Dec 2017 17:02:13 +0100 [WARNING] request="9859bcebc7878" component="TYPO3.CMS.Core.Utility.ExtensionManagementUtility": TYPO3\CMS\Core\Category\CategoryRegistry: no category registered for table "pages". Key was already registered. 
Sun, 10 Dec 2017 17:02:13 +0100 [WARNING] request="9859bcebc7878" component="TYPO3.CMS.Core.Utility.ExtensionManagementUtility": TYPO3\CMS\Core\Category\CategoryRegistry: no category registered for table "sys_file_metadata". Key was already registered. 
Sun, 10 Dec 2017 17:02:13 +0100 [WARNING] request="9859bcebc7878" component="TYPO3.CMS.Core.Utility.ExtensionManagementUtility": TYPO3\CMS\Core\Category\CategoryRegistry: no category registered for table "tt_content". Key was already registered. 
Sun, 10 Dec 2017 17:02:31 +0100 [WARNING] request="98c2dfe46fd91" component="TYPO3.CMS.Core.Utility.ExtensionManagementUtility": TYPO3\CMS\Core\Category\CategoryRegistry: no category registered for table "pages". Key was already registered. 
Sun, 10 Dec 2017 17:02:31 +0100 [WARNING] request="98c2dfe46fd91" component="TYPO3.CMS.Core.Utility.ExtensionManagementUtility": TYPO3\CMS\Core\Category\CategoryRegistry: no category registered for table "sys_file_metadata". Key was already registered. 
Sun, 10 Dec 2017 17:02:31 +0100 [WARNING] request="98c2dfe46fd91" component="TYPO3.CMS.Core.Utility.ExtensionManagementUtility": TYPO3\CMS\Core\Category\CategoryRegistry: no category registered for table "tt_content". Key was already registered. 
Sun, 10 Dec 2017 17:03:32 +0100 [WARNING] request="e0a68c6467602" component="TYPO3.CMS.Core.Utility.ExtensionManagementUtility": TYPO3\CMS\Core\Category\CategoryRegistry: no category registered for table "pages". Key was already registered. 
Sun, 10 Dec 2017 17:03:32 +0100 [WARNING] request="e0a68c6467602" component="TYPO3.CMS.Core.Utility.ExtensionManagementUtility": TYPO3\CMS\Core\Category\CategoryRegistry: no category registered for table "sys_file_metadata". Key was already registered. 
Sun, 10 Dec 2017 17:03:32 +0100 [WARNING] request="e0a68c6467602" component="TYPO3.CMS.Core.Utility.ExtensionManagementUtility": TYPO3\CMS\Core\Category\CategoryRegistry: no category registered for table "tt_content". Key was already registered. 
Tue, 12 Dec 2017 14:35:42 +0100 [WARNING] request="e303fa0e2e0a6" component="TYPO3.CMS.Core.Utility.ExtensionManagementUtility": TYPO3\CMS\Core\Category\CategoryRegistry: no category registered for table "pages". Key was already registered. 
Tue, 12 Dec 2017 14:35:42 +0100 [WARNING] request="e303fa0e2e0a6" component="TYPO3.CMS.Core.Utility.ExtensionManagementUtility": TYPO3\CMS\Core\Category\CategoryRegistry: no category registered for table "sys_file_metadata". Key was already registered. 
Tue, 12 Dec 2017 14:35:42 +0100 [WARNING] request="e303fa0e2e0a6" component="TYPO3.CMS.Core.Utility.ExtensionManagementUtility": TYPO3\CMS\Core\Category\CategoryRegistry: no category registered for table "tt_content". Key was already registered. 
Tue, 19 Dec 2017 14:05:31 +0100 [WARNING] request="a6a6847dc2ef8" component="TYPO3.CMS.Core.Utility.ExtensionManagementUtility": TYPO3\CMS\Core\Category\CategoryRegistry: no category registered for table "pages". Key was already registered. 
Tue, 19 Dec 2017 14:05:31 +0100 [WARNING] request="a6a6847dc2ef8" component="TYPO3.CMS.Core.Utility.ExtensionManagementUtility": TYPO3\CMS\Core\Category\CategoryRegistry: no category registered for table "sys_file_metadata". Key was already registered. 
Tue, 19 Dec 2017 14:05:31 +0100 [WARNING] request="a6a6847dc2ef8" component="TYPO3.CMS.Core.Utility.ExtensionManagementUtility": TYPO3\CMS\Core\Category\CategoryRegistry: no category registered for table "tt_content". Key was already registered. 
Tue, 19 Dec 2017 14:05:43 +0100 [WARNING] request="7d69625dada25" component="TYPO3.CMS.Core.Utility.ExtensionManagementUtility": TYPO3\CMS\Core\Category\CategoryRegistry: no category registered for table "pages". Key was already registered. 
Tue, 19 Dec 2017 14:05:43 +0100 [WARNING] request="7d69625dada25" component="TYPO3.CMS.Core.Utility.ExtensionManagementUtility": TYPO3\CMS\Core\Category\CategoryRegistry: no category registered for table "sys_file_metadata". Key was already registered. 
Tue, 19 Dec 2017 14:05:43 +0100 [WARNING] request="7d69625dada25" component="TYPO3.CMS.Core.Utility.ExtensionManagementUtility": TYPO3\CMS\Core\Category\CategoryRegistry: no category registered for table "tt_content". Key was already registered. 
Tue, 19 Dec 2017 14:05:58 +0100 [WARNING] request="0655a0557291b" component="TYPO3.CMS.Core.Utility.ExtensionManagementUtility": TYPO3\CMS\Core\Category\CategoryRegistry: no category registered for table "pages". Key was already registered. 
Tue, 19 Dec 2017 14:05:58 +0100 [WARNING] request="0655a0557291b" component="TYPO3.CMS.Core.Utility.ExtensionManagementUtility": TYPO3\CMS\Core\Category\CategoryRegistry: no category registered for table "sys_file_metadata". Key was already registered. 
Tue, 19 Dec 2017 14:05:58 +0100 [WARNING] request="0655a0557291b" component="TYPO3.CMS.Core.Utility.ExtensionManagementUtility": TYPO3\CMS\Core\Category\CategoryRegistry: no category registered for table "tt_content". Key was already registered. 
Tue, 19 Dec 2017 14:06:04 +0100 [WARNING] request="35961706bf2e0" component="TYPO3.CMS.Core.Utility.ExtensionManagementUtility": TYPO3\CMS\Core\Category\CategoryRegistry: no category registered for table "pages". Key was already registered. 
Tue, 19 Dec 2017 14:06:04 +0100 [WARNING] request="35961706bf2e0" component="TYPO3.CMS.Core.Utility.ExtensionManagementUtility": TYPO3\CMS\Core\Category\CategoryRegistry: no category registered for table "sys_file_metadata". Key was already registered. 
Tue, 19 Dec 2017 14:06:04 +0100 [WARNING] request="35961706bf2e0" component="TYPO3.CMS.Core.Utility.ExtensionManagementUtility": TYPO3\CMS\Core\Category\CategoryRegistry: no category registered for table "tt_content". Key was already registered. 
Tue, 19 Dec 2017 14:06:18 +0100 [WARNING] request="fb5b544357963" component="TYPO3.CMS.Core.Utility.ExtensionManagementUtility": TYPO3\CMS\Core\Category\CategoryRegistry: no category registered for table "pages". Key was already registered. 
Tue, 19 Dec 2017 14:06:18 +0100 [WARNING] request="fb5b544357963" component="TYPO3.CMS.Core.Utility.ExtensionManagementUtility": TYPO3\CMS\Core\Category\CategoryRegistry: no category registered for table "sys_file_metadata". Key was already registered. 
Tue, 19 Dec 2017 14:06:18 +0100 [WARNING] request="fb5b544357963" component="TYPO3.CMS.Core.Utility.ExtensionManagementUtility": TYPO3\CMS\Core\Category\CategoryRegistry: no category registered for table "tt_content". Key was already registered. 
Tue, 19 Dec 2017 14:06:29 +0100 [WARNING] request="c0416e758d31e" component="TYPO3.CMS.Core.Utility.ExtensionManagementUtility": TYPO3\CMS\Core\Category\CategoryRegistry: no category registered for table "pages". Key was already registered. 
Tue, 19 Dec 2017 14:06:29 +0100 [WARNING] request="c0416e758d31e" component="TYPO3.CMS.Core.Utility.ExtensionManagementUtility": TYPO3\CMS\Core\Category\CategoryRegistry: no category registered for table "sys_file_metadata". Key was already registered. 
Tue, 19 Dec 2017 14:06:29 +0100 [WARNING] request="c0416e758d31e" component="TYPO3.CMS.Core.Utility.ExtensionManagementUtility": TYPO3\CMS\Core\Category\CategoryRegistry: no category registered for table "tt_content". Key was already registered. 
Tue, 19 Dec 2017 14:06:53 +0100 [WARNING] request="17d6b05883f1e" component="TYPO3.CMS.Core.Utility.ExtensionManagementUtility": TYPO3\CMS\Core\Category\CategoryRegistry: no category registered for table "pages". Key was already registered. 
Tue, 19 Dec 2017 14:06:53 +0100 [WARNING] request="17d6b05883f1e" component="TYPO3.CMS.Core.Utility.ExtensionManagementUtility": TYPO3\CMS\Core\Category\CategoryRegistry: no category registered for table "sys_file_metadata". Key was already registered. 
Tue, 19 Dec 2017 14:06:53 +0100 [WARNING] request="17d6b05883f1e" component="TYPO3.CMS.Core.Utility.ExtensionManagementUtility": TYPO3\CMS\Core\Category\CategoryRegistry: no category registered for table "tt_content". Key was already registered. 
Tue, 19 Dec 2017 14:07:12 +0100 [WARNING] request="b9c7c4e476306" component="TYPO3.CMS.Core.Utility.ExtensionManagementUtility": TYPO3\CMS\Core\Category\CategoryRegistry: no category registered for table "pages". Key was already registered. 
Tue, 19 Dec 2017 14:07:12 +0100 [WARNING] request="b9c7c4e476306" component="TYPO3.CMS.Core.Utility.ExtensionManagementUtility": TYPO3\CMS\Core\Category\CategoryRegistry: no category registered for table "sys_file_metadata". Key was already registered. 
Tue, 19 Dec 2017 14:07:12 +0100 [WARNING] request="b9c7c4e476306" component="TYPO3.CMS.Core.Utility.ExtensionManagementUtility": TYPO3\CMS\Core\Category\CategoryRegistry: no category registered for table "tt_content". Key was already registered. 
Tue, 19 Dec 2017 14:07:25 +0100 [WARNING] request="669009ff3a3e2" component="TYPO3.CMS.Core.Utility.ExtensionManagementUtility": TYPO3\CMS\Core\Category\CategoryRegistry: no category registered for table "pages". Key was already registered. 
Tue, 19 Dec 2017 14:07:25 +0100 [WARNING] request="669009ff3a3e2" component="TYPO3.CMS.Core.Utility.ExtensionManagementUtility": TYPO3\CMS\Core\Category\CategoryRegistry: no category registered for table "sys_file_metadata". Key was already registered. 
Tue, 19 Dec 2017 14:07:25 +0100 [WARNING] request="669009ff3a3e2" component="TYPO3.CMS.Core.Utility.ExtensionManagementUtility": TYPO3\CMS\Core\Category\CategoryRegistry: no category registered for table "tt_content". Key was already registered. 
Tue, 19 Dec 2017 14:07:34 +0100 [WARNING] request="b8e0bcce5c2f3" component="TYPO3.CMS.Core.Utility.ExtensionManagementUtility": TYPO3\CMS\Core\Category\CategoryRegistry: no category registered for table "pages". Key was already registered. 
Tue, 19 Dec 2017 14:07:34 +0100 [WARNING] request="b8e0bcce5c2f3" component="TYPO3.CMS.Core.Utility.ExtensionManagementUtility": TYPO3\CMS\Core\Category\CategoryRegistry: no category registered for table "sys_file_metadata". Key was already registered. 
Tue, 19 Dec 2017 14:07:34 +0100 [WARNING] request="b8e0bcce5c2f3" component="TYPO3.CMS.Core.Utility.ExtensionManagementUtility": TYPO3\CMS\Core\Category\CategoryRegistry: no category registered for table "tt_content". Key was already registered. 
Tue, 19 Dec 2017 14:07:35 +0100 [WARNING] request="b8e0bcce5c2f3" component="TYPO3.CMS.Core.Utility.ExtensionManagementUtility": TYPO3\CMS\Core\Category\CategoryRegistry: no category registered for table "pages". Key was already registered. 
Tue, 19 Dec 2017 14:07:35 +0100 [WARNING] request="b8e0bcce5c2f3" component="TYPO3.CMS.Core.Utility.ExtensionManagementUtility": TYPO3\CMS\Core\Category\CategoryRegistry: no category registered for table "sys_file_metadata". Key was already registered. 
Tue, 19 Dec 2017 14:07:35 +0100 [WARNING] request="b8e0bcce5c2f3" component="TYPO3.CMS.Core.Utility.ExtensionManagementUtility": TYPO3\CMS\Core\Category\CategoryRegistry: no category registered for table "tt_content". Key was already registered. 
Tue, 19 Dec 2017 14:07:44 +0100 [WARNING] request="60bb5229f1c9c" component="TYPO3.CMS.Core.Utility.ExtensionManagementUtility": TYPO3\CMS\Core\Category\CategoryRegistry: no category registered for table "pages". Key was already registered. 
Tue, 19 Dec 2017 14:07:44 +0100 [WARNING] request="60bb5229f1c9c" component="TYPO3.CMS.Core.Utility.ExtensionManagementUtility": TYPO3\CMS\Core\Category\CategoryRegistry: no category registered for table "sys_file_metadata". Key was already registered. 
Tue, 19 Dec 2017 14:07:44 +0100 [WARNING] request="60bb5229f1c9c" component="TYPO3.CMS.Core.Utility.ExtensionManagementUtility": TYPO3\CMS\Core\Category\CategoryRegistry: no category registered for table "tt_content". Key was already registered. 
Wed, 27 Dec 2017 10:53:36 +0100 [WARNING] request="01a74b8eae8c4" component="TYPO3.CMS.Core.Utility.ExtensionManagementUtility": TYPO3\CMS\Core\Category\CategoryRegistry: no category registered for table "pages". Key was already registered. 
Wed, 27 Dec 2017 10:53:36 +0100 [WARNING] request="01a74b8eae8c4" component="TYPO3.CMS.Core.Utility.ExtensionManagementUtility": TYPO3\CMS\Core\Category\CategoryRegistry: no category registered for table "sys_file_metadata". Key was already registered. 
Wed, 27 Dec 2017 10:53:36 +0100 [WARNING] request="01a74b8eae8c4" component="TYPO3.CMS.Core.Utility.ExtensionManagementUtility": TYPO3\CMS\Core\Category\CategoryRegistry: no category registered for table "tt_content". Key was already registered. 
Wed, 27 Dec 2017 10:53:57 +0100 [WARNING] request="37a3538dd74ce" component="TYPO3.CMS.Core.Utility.ExtensionManagementUtility": TYPO3\CMS\Core\Category\CategoryRegistry: no category registered for table "pages". Key was already registered. 
Wed, 27 Dec 2017 10:53:57 +0100 [WARNING] request="37a3538dd74ce" component="TYPO3.CMS.Core.Utility.ExtensionManagementUtility": TYPO3\CMS\Core\Category\CategoryRegistry: no category registered for table "sys_file_metadata". Key was already registered. 
Wed, 27 Dec 2017 10:53:57 +0100 [WARNING] request="37a3538dd74ce" component="TYPO3.CMS.Core.Utility.ExtensionManagementUtility": TYPO3\CMS\Core\Category\CategoryRegistry: no category registered for table "tt_content". Key was already registered. 
Wed, 27 Dec 2017 10:54:08 +0100 [WARNING] request="4a2af99ba7985" component="TYPO3.CMS.Core.Utility.ExtensionManagementUtility": TYPO3\CMS\Core\Category\CategoryRegistry: no category registered for table "pages". Key was already registered. 
Wed, 27 Dec 2017 10:54:08 +0100 [WARNING] request="4a2af99ba7985" component="TYPO3.CMS.Core.Utility.ExtensionManagementUtility": TYPO3\CMS\Core\Category\CategoryRegistry: no category registered for table "sys_file_metadata". Key was already registered. 
Wed, 27 Dec 2017 10:54:08 +0100 [WARNING] request="4a2af99ba7985" component="TYPO3.CMS.Core.Utility.ExtensionManagementUtility": TYPO3\CMS\Core\Category\CategoryRegistry: no category registered for table "tt_content". Key was already registered. 
Wed, 27 Dec 2017 10:54:16 +0100 [WARNING] request="d04de8aa9b236" component="TYPO3.CMS.Core.Utility.ExtensionManagementUtility": TYPO3\CMS\Core\Category\CategoryRegistry: no category registered for table "pages". Key was already registered. 
Wed, 27 Dec 2017 10:54:16 +0100 [WARNING] request="d04de8aa9b236" component="TYPO3.CMS.Core.Utility.ExtensionManagementUtility": TYPO3\CMS\Core\Category\CategoryRegistry: no category registered for table "sys_file_metadata". Key was already registered. 
Wed, 27 Dec 2017 10:54:16 +0100 [WARNING] request="d04de8aa9b236" component="TYPO3.CMS.Core.Utility.ExtensionManagementUtility": TYPO3\CMS\Core\Category\CategoryRegistry: no category registered for table "tt_content". Key was already registered. 
Wed, 27 Dec 2017 10:54:43 +0100 [WARNING] request="a402b7d38da9c" component="TYPO3.CMS.Core.Utility.ExtensionManagementUtility": TYPO3\CMS\Core\Category\CategoryRegistry: no category registered for table "pages". Key was already registered. 
Wed, 27 Dec 2017 10:54:43 +0100 [WARNING] request="a402b7d38da9c" component="TYPO3.CMS.Core.Utility.ExtensionManagementUtility": TYPO3\CMS\Core\Category\CategoryRegistry: no category registered for table "sys_file_metadata". Key was already registered. 
Wed, 27 Dec 2017 10:54:43 +0100 [WARNING] request="a402b7d38da9c" component="TYPO3.CMS.Core.Utility.ExtensionManagementUtility": TYPO3\CMS\Core\Category\CategoryRegistry: no category registered for table "tt_content". Key was already registered. 
Wed, 27 Dec 2017 10:54:49 +0100 [WARNING] request="88bf72f95482a" component="TYPO3.CMS.Core.Utility.ExtensionManagementUtility": TYPO3\CMS\Core\Category\CategoryRegistry: no category registered for table "pages". Key was already registered. 
Wed, 27 Dec 2017 10:54:49 +0100 [WARNING] request="88bf72f95482a" component="TYPO3.CMS.Core.Utility.ExtensionManagementUtility": TYPO3\CMS\Core\Category\CategoryRegistry: no category registered for table "sys_file_metadata". Key was already registered. 
Wed, 27 Dec 2017 10:54:49 +0100 [WARNING] request="88bf72f95482a" component="TYPO3.CMS.Core.Utility.ExtensionManagementUtility": TYPO3\CMS\Core\Category\CategoryRegistry: no category registered for table "tt_content". Key was already registered. 
Wed, 27 Dec 2017 10:54:54 +0100 [WARNING] request="7db22714e3a68" component="TYPO3.CMS.Core.Utility.ExtensionManagementUtility": TYPO3\CMS\Core\Category\CategoryRegistry: no category registered for table "pages". Key was already registered. 
Wed, 27 Dec 2017 10:54:54 +0100 [WARNING] request="7db22714e3a68" component="TYPO3.CMS.Core.Utility.ExtensionManagementUtility": TYPO3\CMS\Core\Category\CategoryRegistry: no category registered for table "sys_file_metadata". Key was already registered. 
Wed, 27 Dec 2017 10:54:54 +0100 [WARNING] request="7db22714e3a68" component="TYPO3.CMS.Core.Utility.ExtensionManagementUtility": TYPO3\CMS\Core\Category\CategoryRegistry: no category registered for table "tt_content". Key was already registered. 
Wed, 27 Dec 2017 11:11:16 +0100 [WARNING] request="aaf2b30607576" component="TYPO3.CMS.Core.Utility.ExtensionManagementUtility": TYPO3\CMS\Core\Category\CategoryRegistry: no category registered for table "pages". Key was already registered. 
Wed, 27 Dec 2017 11:11:16 +0100 [WARNING] request="aaf2b30607576" component="TYPO3.CMS.Core.Utility.ExtensionManagementUtility": TYPO3\CMS\Core\Category\CategoryRegistry: no category registered for table "sys_file_metadata". Key was already registered. 
Wed, 27 Dec 2017 11:11:16 +0100 [WARNING] request="aaf2b30607576" component="TYPO3.CMS.Core.Utility.ExtensionManagementUtility": TYPO3\CMS\Core\Category\CategoryRegistry: no category registered for table "tt_content". Key was already registered. 
Wed, 27 Dec 2017 11:11:18 +0100 [WARNING] request="b17658a104394" component="TYPO3.CMS.Core.Utility.ExtensionManagementUtility": TYPO3\CMS\Core\Category\CategoryRegistry: no category registered for table "pages". Key was already registered. 
Wed, 27 Dec 2017 11:11:18 +0100 [WARNING] request="b17658a104394" component="TYPO3.CMS.Core.Utility.ExtensionManagementUtility": TYPO3\CMS\Core\Category\CategoryRegistry: no category registered for table "sys_file_metadata". Key was already registered. 
Wed, 27 Dec 2017 11:11:18 +0100 [WARNING] request="b17658a104394" component="TYPO3.CMS.Core.Utility.ExtensionManagementUtility": TYPO3\CMS\Core\Category\CategoryRegistry: no category registered for table "tt_content". Key was already registered. 
Wed, 27 Dec 2017 15:55:47 +0100 [WARNING] request="fccb29204df97" component="TYPO3.CMS.Core.Utility.ExtensionManagementUtility": TYPO3\CMS\Core\Category\CategoryRegistry: no category registered for table "pages". Key was already registered. 
Wed, 27 Dec 2017 15:55:47 +0100 [WARNING] request="fccb29204df97" component="TYPO3.CMS.Core.Utility.ExtensionManagementUtility": TYPO3\CMS\Core\Category\CategoryRegistry: no category registered for table "sys_file_metadata". Key was already registered. 
Wed, 27 Dec 2017 15:55:47 +0100 [WARNING] request="fccb29204df97" component="TYPO3.CMS.Core.Utility.ExtensionManagementUtility": TYPO3\CMS\Core\Category\CategoryRegistry: no category registered for table "tt_content". Key was already registered. 
Wed, 27 Dec 2017 16:05:50 +0100 [ALERT] request="77dd41f073705" component="TYPO3.CMS.Frontend.ContentObject.Exception.ProductionExceptionHandler": Oops, an error occurred! Code: 20171227160550879427ee - {"exception":"InvalidArgumentException: MenuProcessor Configuration contains invalid Arguments: references. in \/var\/www\/developer\/sites\/new-site\/vendor\/typo3\/cms\/typo3\/sysext\/frontend\/Classes\/DataProcessing\/MenuProcessor.php:271\nStack trace:\n#0 \/var\/www\/developer\/sites\/new-site\/vendor\/typo3\/cms\/typo3\/sysext\/frontend\/Classes\/DataProcessing\/MenuProcessor.php(404): TYPO3\\CMS\\Frontend\\DataProcessing\\MenuProcessor->validateConfiguration()\n#1 \/var\/www\/developer\/sites\/new-site\/vendor\/typo3\/cms\/typo3\/sysext\/frontend\/Classes\/ContentObject\/ContentDataProcessor.php(63): TYPO3\\CMS\\Frontend\\DataProcessing\\MenuProcessor->process(Object(TYPO3\\CMS\\Frontend\\ContentObject\\ContentObjectRenderer), Array, Array, Array)\n#2 \/var\/www\/developer\/sites\/new-site\/vendor\/typo3\/cms\/typo3\/sysext\/frontend\/Classes\/ContentObject\/FluidTemplateContentObject.php(101): TYPO3\\CMS\\Frontend\\ContentObject\\ContentDataProcessor->process(Object(TYPO3\\CMS\\Frontend\\ContentObject\\ContentObjectRenderer), Array, Array)\n#3 \/var\/www\/developer\/sites\/new-site\/vendor\/typo3\/cms\/typo3\/sysext\/frontend\/Classes\/ContentObject\/ContentObjectRenderer.php(819): TYPO3\\CMS\\Frontend\\ContentObject\\FluidTemplateContentObject->render(Array)\n#4 \/var\/www\/developer\/sites\/new-site\/vendor\/typo3\/cms\/typo3\/sysext\/frontend\/Classes\/ContentObject\/ContentObjectRenderer.php(735): TYPO3\\CMS\\Frontend\\ContentObject\\ContentObjectRenderer->render(Object(TYPO3\\CMS\\Frontend\\ContentObject\\FluidTemplateContentObject), Array)\n#5 \/var\/www\/developer\/sites\/new-site\/vendor\/typo3\/cms\/typo3\/sysext\/frontend\/Classes\/ContentObject\/ContentObjectRenderer.php(681): TYPO3\\CMS\\Frontend\\ContentObject\\ContentObjectRenderer->cObjGetSingle('FLUIDTEMPLATE', Array, '10')\n#6 \/var\/www\/developer\/sites\/new-site\/vendor\/typo3\/cms\/typo3\/sysext\/frontend\/Classes\/Page\/PageGenerator.php(195): TYPO3\\CMS\\Frontend\\ContentObject\\ContentObjectRenderer->cObjGet(Array)\n#7 \/var\/www\/developer\/sites\/new-site\/vendor\/typo3\/cms\/typo3\/sysext\/frontend\/Classes\/Http\/RequestHandler.php(211): TYPO3\\CMS\\Frontend\\Page\\PageGenerator::renderContent()\n#8 \/var\/www\/developer\/sites\/new-site\/vendor\/typo3\/cms\/typo3\/sysext\/core\/Classes\/Core\/Bootstrap.php(315): TYPO3\\CMS\\Frontend\\Http\\RequestHandler->handleRequest(Object(TYPO3\\CMS\\Core\\Http\\ServerRequest))\n#9 \/var\/www\/developer\/sites\/new-site\/vendor\/typo3\/cms\/typo3\/sysext\/frontend\/Classes\/Http\/Application.php(79): TYPO3\\CMS\\Core\\Core\\Bootstrap->handleRequest(Object(TYPO3\\CMS\\Core\\Http\\ServerRequest))\n#10 \/var\/www\/developer\/sites\/new-site\/vendor\/typo3\/cms\/typo3\/sysext\/frontend\/Resources\/Private\/Php\/frontend.php(23): TYPO3\\CMS\\Frontend\\Http\\Application->run()\n#11 \/var\/www\/developer\/sites\/new-site\/vendor\/typo3\/cms\/typo3\/sysext\/frontend\/Resources\/Private\/Php\/frontend.php(24): {closure}()\n#12 \/var\/www\/developer\/sites\/new-site\/vendor\/typo3\/cms\/index.php(3): require('\/var\/www\/develo...')\n#13 {main}"}
Wed, 27 Dec 2017 19:32:54 +0100 [ALERT] request="2185de179b674" component="TYPO3.CMS.Frontend.ContentObject.Exception.ProductionExceptionHandler": Oops, an error occurred! Code: 20171227193254bbe4b62c - {"exception":"InvalidArgumentException: MenuProcessor Configuration contains invalid Arguments: references. in \/var\/www\/developer\/sites\/new-site\/vendor\/typo3\/cms\/typo3\/sysext\/frontend\/Classes\/DataProcessing\/MenuProcessor.php:271\nStack trace:\n#0 \/var\/www\/developer\/sites\/new-site\/vendor\/typo3\/cms\/typo3\/sysext\/frontend\/Classes\/DataProcessing\/MenuProcessor.php(404): TYPO3\\CMS\\Frontend\\DataProcessing\\MenuProcessor->validateConfiguration()\n#1 \/var\/www\/developer\/sites\/new-site\/vendor\/typo3\/cms\/typo3\/sysext\/frontend\/Classes\/ContentObject\/ContentDataProcessor.php(63): TYPO3\\CMS\\Frontend\\DataProcessing\\MenuProcessor->process(Object(TYPO3\\CMS\\Frontend\\ContentObject\\ContentObjectRenderer), Array, Array, Array)\n#2 \/var\/www\/developer\/sites\/new-site\/vendor\/typo3\/cms\/typo3\/sysext\/frontend\/Classes\/ContentObject\/FluidTemplateContentObject.php(101): TYPO3\\CMS\\Frontend\\ContentObject\\ContentDataProcessor->process(Object(TYPO3\\CMS\\Frontend\\ContentObject\\ContentObjectRenderer), Array, Array)\n#3 \/var\/www\/developer\/sites\/new-site\/vendor\/typo3\/cms\/typo3\/sysext\/frontend\/Classes\/ContentObject\/ContentObjectRenderer.php(819): TYPO3\\CMS\\Frontend\\ContentObject\\FluidTemplateContentObject->render(Array)\n#4 \/var\/www\/developer\/sites\/new-site\/vendor\/typo3\/cms\/typo3\/sysext\/frontend\/Classes\/ContentObject\/ContentObjectRenderer.php(735): TYPO3\\CMS\\Frontend\\ContentObject\\ContentObjectRenderer->render(Object(TYPO3\\CMS\\Frontend\\ContentObject\\FluidTemplateContentObject), Array)\n#5 \/var\/www\/developer\/sites\/new-site\/vendor\/typo3\/cms\/typo3\/sysext\/frontend\/Classes\/ContentObject\/ContentObjectRenderer.php(681): TYPO3\\CMS\\Frontend\\ContentObject\\ContentObjectRenderer->cObjGetSingle('FLUIDTEMPLATE', Array, '10')\n#6 \/var\/www\/developer\/sites\/new-site\/vendor\/typo3\/cms\/typo3\/sysext\/frontend\/Classes\/Page\/PageGenerator.php(195): TYPO3\\CMS\\Frontend\\ContentObject\\ContentObjectRenderer->cObjGet(Array)\n#7 \/var\/www\/developer\/sites\/new-site\/vendor\/typo3\/cms\/typo3\/sysext\/frontend\/Classes\/Http\/RequestHandler.php(211): TYPO3\\CMS\\Frontend\\Page\\PageGenerator::renderContent()\n#8 \/var\/www\/developer\/sites\/new-site\/vendor\/typo3\/cms\/typo3\/sysext\/core\/Classes\/Core\/Bootstrap.php(315): TYPO3\\CMS\\Frontend\\Http\\RequestHandler->handleRequest(Object(TYPO3\\CMS\\Core\\Http\\ServerRequest))\n#9 \/var\/www\/developer\/sites\/new-site\/vendor\/typo3\/cms\/typo3\/sysext\/frontend\/Classes\/Http\/Application.php(79): TYPO3\\CMS\\Core\\Core\\Bootstrap->handleRequest(Object(TYPO3\\CMS\\Core\\Http\\ServerRequest))\n#10 \/var\/www\/developer\/sites\/new-site\/vendor\/typo3\/cms\/typo3\/sysext\/frontend\/Resources\/Private\/Php\/frontend.php(23): TYPO3\\CMS\\Frontend\\Http\\Application->run()\n#11 \/var\/www\/developer\/sites\/new-site\/vendor\/typo3\/cms\/typo3\/sysext\/frontend\/Resources\/Private\/Php\/frontend.php(24): {closure}()\n#12 \/var\/www\/developer\/sites\/new-site\/vendor\/typo3\/cms\/index.php(3): require('\/var\/www\/develo...')\n#13 {main}"}
Wed, 27 Dec 2017 19:45:53 +0100 [WARNING] request="2bbbcabaef536" component="TYPO3.CMS.Core.Utility.ExtensionManagementUtility": TYPO3\CMS\Core\Category\CategoryRegistry: no category registered for table "pages". Key was already registered. 
Wed, 27 Dec 2017 19:45:53 +0100 [WARNING] request="2bbbcabaef536" component="TYPO3.CMS.Core.Utility.ExtensionManagementUtility": TYPO3\CMS\Core\Category\CategoryRegistry: no category registered for table "sys_file_metadata". Key was already registered. 
Wed, 27 Dec 2017 19:45:53 +0100 [WARNING] request="2bbbcabaef536" component="TYPO3.CMS.Core.Utility.ExtensionManagementUtility": TYPO3\CMS\Core\Category\CategoryRegistry: no category registered for table "tt_content". Key was already registered. 
Wed, 27 Dec 2017 19:45:53 +0100 [WARNING] request="2bbbcabaef536" component="TYPO3.CMS.Core.Utility.ExtensionManagementUtility": TYPO3\CMS\Core\Category\CategoryRegistry: no category registered for table "pages". Key was already registered. 
Wed, 27 Dec 2017 19:45:53 +0100 [WARNING] request="2bbbcabaef536" component="TYPO3.CMS.Core.Utility.ExtensionManagementUtility": TYPO3\CMS\Core\Category\CategoryRegistry: no category registered for table "sys_file_metadata". Key was already registered. 
Wed, 27 Dec 2017 19:45:53 +0100 [WARNING] request="2bbbcabaef536" component="TYPO3.CMS.Core.Utility.ExtensionManagementUtility": TYPO3\CMS\Core\Category\CategoryRegistry: no category registered for table "tt_content". Key was already registered. 
Wed, 27 Dec 2017 20:14:02 +0100 [WARNING] request="f89965d3401a0" component="TYPO3.CMS.Core.Utility.ExtensionManagementUtility": TYPO3\CMS\Core\Category\CategoryRegistry: no category registered for table "pages". Key was already registered. 
Wed, 27 Dec 2017 20:14:02 +0100 [WARNING] request="f89965d3401a0" component="TYPO3.CMS.Core.Utility.ExtensionManagementUtility": TYPO3\CMS\Core\Category\CategoryRegistry: no category registered for table "sys_file_metadata". Key was already registered. 
Wed, 27 Dec 2017 20:14:02 +0100 [WARNING] request="f89965d3401a0" component="TYPO3.CMS.Core.Utility.ExtensionManagementUtility": TYPO3\CMS\Core\Category\CategoryRegistry: no category registered for table "tt_content". Key was already registered. 
Fri, 29 Dec 2017 13:01:54 +0100 [WARNING] request="87a0403b1dc37" component="TYPO3.CMS.Core.Utility.ExtensionManagementUtility": TYPO3\CMS\Core\Category\CategoryRegistry: no category registered for table "pages". Key was already registered. 
Fri, 29 Dec 2017 13:01:54 +0100 [WARNING] request="87a0403b1dc37" component="TYPO3.CMS.Core.Utility.ExtensionManagementUtility": TYPO3\CMS\Core\Category\CategoryRegistry: no category registered for table "sys_file_metadata". Key was already registered. 
Fri, 29 Dec 2017 13:01:54 +0100 [WARNING] request="87a0403b1dc37" component="TYPO3.CMS.Core.Utility.ExtensionManagementUtility": TYPO3\CMS\Core\Category\CategoryRegistry: no category registered for table "tt_content". Key was already registered. 
Fri, 29 Dec 2017 13:03:04 +0100 [WARNING] request="2a6c581a3ed4c" component="TYPO3.CMS.Core.Utility.ExtensionManagementUtility": TYPO3\CMS\Core\Category\CategoryRegistry: no category registered for table "pages". Key was already registered. 
Fri, 29 Dec 2017 13:03:04 +0100 [WARNING] request="2a6c581a3ed4c" component="TYPO3.CMS.Core.Utility.ExtensionManagementUtility": TYPO3\CMS\Core\Category\CategoryRegistry: no category registered for table "sys_file_metadata". Key was already registered. 
Fri, 29 Dec 2017 13:03:04 +0100 [WARNING] request="2a6c581a3ed4c" component="TYPO3.CMS.Core.Utility.ExtensionManagementUtility": TYPO3\CMS\Core\Category\CategoryRegistry: no category registered for table "tt_content". Key was already registered. 
Fri, 29 Dec 2017 13:21:26 +0100 [WARNING] request="9dd94007c02b1" component="TYPO3.CMS.Core.Utility.ExtensionManagementUtility": TYPO3\CMS\Core\Category\CategoryRegistry: no category registered for table "pages". Key was already registered. 
Fri, 29 Dec 2017 13:21:26 +0100 [WARNING] request="9dd94007c02b1" component="TYPO3.CMS.Core.Utility.ExtensionManagementUtility": TYPO3\CMS\Core\Category\CategoryRegistry: no category registered for table "sys_file_metadata". Key was already registered. 
Fri, 29 Dec 2017 13:21:26 +0100 [WARNING] request="9dd94007c02b1" component="TYPO3.CMS.Core.Utility.ExtensionManagementUtility": TYPO3\CMS\Core\Category\CategoryRegistry: no category registered for table "tt_content". Key was already registered. 
Fri, 29 Dec 2017 14:32:42 +0100 [WARNING] request="05d956104277c" component="TYPO3.CMS.Core.Utility.ExtensionManagementUtility": TYPO3\CMS\Core\Category\CategoryRegistry: no category registered for table "pages". Key was already registered. 
Fri, 29 Dec 2017 14:32:42 +0100 [WARNING] request="05d956104277c" component="TYPO3.CMS.Core.Utility.ExtensionManagementUtility": TYPO3\CMS\Core\Category\CategoryRegistry: no category registered for table "sys_file_metadata". Key was already registered. 
Fri, 29 Dec 2017 14:32:42 +0100 [WARNING] request="05d956104277c" component="TYPO3.CMS.Core.Utility.ExtensionManagementUtility": TYPO3\CMS\Core\Category\CategoryRegistry: no category registered for table "tt_content". Key was already registered. 
Fri, 29 Dec 2017 15:04:07 +0100 [WARNING] request="05ad9c6a56220" component="TYPO3.CMS.Core.Utility.ExtensionManagementUtility": TYPO3\CMS\Core\Category\CategoryRegistry: no category registered for table "pages". Key was already registered. 
Fri, 29 Dec 2017 15:04:07 +0100 [WARNING] request="05ad9c6a56220" component="TYPO3.CMS.Core.Utility.ExtensionManagementUtility": TYPO3\CMS\Core\Category\CategoryRegistry: no category registered for table "sys_file_metadata". Key was already registered. 
Fri, 29 Dec 2017 15:04:07 +0100 [WARNING] request="05ad9c6a56220" component="TYPO3.CMS.Core.Utility.ExtensionManagementUtility": TYPO3\CMS\Core\Category\CategoryRegistry: no category registered for table "tt_content". Key was already registered. 
Fri, 29 Dec 2017 15:04:12 +0100 [WARNING] request="7920bd0838e2e" component="TYPO3.CMS.Core.Utility.ExtensionManagementUtility": TYPO3\CMS\Core\Category\CategoryRegistry: no category registered for table "pages". Key was already registered. 
Fri, 29 Dec 2017 15:04:12 +0100 [WARNING] request="7920bd0838e2e" component="TYPO3.CMS.Core.Utility.ExtensionManagementUtility": TYPO3\CMS\Core\Category\CategoryRegistry: no category registered for table "sys_file_metadata". Key was already registered. 
Fri, 29 Dec 2017 15:04:12 +0100 [WARNING] request="7920bd0838e2e" component="TYPO3.CMS.Core.Utility.ExtensionManagementUtility": TYPO3\CMS\Core\Category\CategoryRegistry: no category registered for table "tt_content". Key was already registered. 
Fri, 29 Dec 2017 16:37:57 +0100 [WARNING] request="ca6ea1dffb709" component="TYPO3.CMS.Core.Utility.ExtensionManagementUtility": TYPO3\CMS\Core\Category\CategoryRegistry: no category registered for table "pages". Key was already registered. 
Fri, 29 Dec 2017 16:37:57 +0100 [WARNING] request="ca6ea1dffb709" component="TYPO3.CMS.Core.Utility.ExtensionManagementUtility": TYPO3\CMS\Core\Category\CategoryRegistry: no category registered for table "sys_file_metadata". Key was already registered. 
Fri, 29 Dec 2017 16:37:57 +0100 [WARNING] request="ca6ea1dffb709" component="TYPO3.CMS.Core.Utility.ExtensionManagementUtility": TYPO3\CMS\Core\Category\CategoryRegistry: no category registered for table "tt_content". Key was already registered. 
Fri, 29 Dec 2017 22:03:54 +0100 [WARNING] request="24d34fae7fe8c" component="TYPO3.CMS.Core.Utility.ExtensionManagementUtility": TYPO3\CMS\Core\Category\CategoryRegistry: no category registered for table "pages". Key was already registered. 
Fri, 29 Dec 2017 22:03:54 +0100 [WARNING] request="24d34fae7fe8c" component="TYPO3.CMS.Core.Utility.ExtensionManagementUtility": TYPO3\CMS\Core\Category\CategoryRegistry: no category registered for table "sys_file_metadata". Key was already registered. 
Fri, 29 Dec 2017 22:03:54 +0100 [WARNING] request="24d34fae7fe8c" component="TYPO3.CMS.Core.Utility.ExtensionManagementUtility": TYPO3\CMS\Core\Category\CategoryRegistry: no category registered for table "tt_content". Key was already registered. 
Fri, 29 Dec 2017 22:19:19 +0100 [WARNING] request="4c193f9357158" component="TYPO3.CMS.Core.Utility.ExtensionManagementUtility": TYPO3\CMS\Core\Category\CategoryRegistry: no category registered for table "pages". Key was already registered. 
Fri, 29 Dec 2017 22:19:19 +0100 [WARNING] request="4c193f9357158" component="TYPO3.CMS.Core.Utility.ExtensionManagementUtility": TYPO3\CMS\Core\Category\CategoryRegistry: no category registered for table "sys_file_metadata". Key was already registered. 
Fri, 29 Dec 2017 22:19:19 +0100 [WARNING] request="4c193f9357158" component="TYPO3.CMS.Core.Utility.ExtensionManagementUtility": TYPO3\CMS\Core\Category\CategoryRegistry: no category registered for table "tt_content". Key was already registered. 
Fri, 12 Jan 2018 23:43:01 +0100 [WARNING] request="58bbcc8707421" component="TYPO3.CMS.Core.Utility.ExtensionManagementUtility": TYPO3\CMS\Core\Category\CategoryRegistry: no category registered for table "pages". Key was already registered. 
Fri, 12 Jan 2018 23:43:01 +0100 [WARNING] request="58bbcc8707421" component="TYPO3.CMS.Core.Utility.ExtensionManagementUtility": TYPO3\CMS\Core\Category\CategoryRegistry: no category registered for table "sys_file_metadata". Key was already registered. 
Fri, 12 Jan 2018 23:43:01 +0100 [WARNING] request="58bbcc8707421" component="TYPO3.CMS.Core.Utility.ExtensionManagementUtility": TYPO3\CMS\Core\Category\CategoryRegistry: no category registered for table "tt_content". Key was already registered. 
Sat, 13 Jan 2018 16:38:45 +0100 [ALERT] request="ae9366e08697e" component="TYPO3.CMS.Frontend.ContentObject.Exception.ProductionExceptionHandler": Oops, an error occurred! Code: 2018011316384533caab14 - {"exception":"ReflectionException: Class HofUniversity\\CarRental\\Controller\\CarController does not exist in \/var\/www\/developer\/sites\/new-site\/vendor\/typo3\/cms\/typo3\/sysext\/extbase\/Classes\/Object\/Container\/ClassInfoFactory.php:35\nStack trace:\n#0 \/var\/www\/developer\/sites\/new-site\/vendor\/typo3\/cms\/typo3\/sysext\/extbase\/Classes\/Object\/Container\/ClassInfoFactory.php(35): ReflectionClass->__construct('HofUniversity\\\\C...')\n#1 \/var\/www\/developer\/sites\/new-site\/vendor\/typo3\/cms\/typo3\/sysext\/extbase\/Classes\/Object\/Container\/Container.php(347): TYPO3\\CMS\\Extbase\\Object\\Container\\ClassInfoFactory->buildClassInfoFromClassName('HofUniversity\\\\C...')\n#2 \/var\/www\/developer\/sites\/new-site\/vendor\/typo3\/cms\/typo3\/sysext\/extbase\/Classes\/Object\/Container\/Container.php(173): TYPO3\\CMS\\Extbase\\Object\\Container\\Container->getClassInfo('HofUniversity\\\\C...')\n#3 \/var\/www\/developer\/sites\/new-site\/vendor\/typo3\/cms\/typo3\/sysext\/extbase\/Classes\/Object\/Container\/Container.php(126): TYPO3\\CMS\\Extbase\\Object\\Container\\Container->getInstanceInternal('HofUniversity\\\\C...', Array)\n#4 \/var\/www\/developer\/sites\/new-site\/vendor\/typo3\/cms\/typo3\/sysext\/extbase\/Classes\/Object\/ObjectManager.php(98): TYPO3\\CMS\\Extbase\\Object\\Container\\Container->getInstance('HofUniversity\\\\C...', Array)\n#5 \/var\/www\/developer\/sites\/new-site\/vendor\/typo3\/cms\/typo3\/sysext\/extbase\/Classes\/Mvc\/Dispatcher.php(114): TYPO3\\CMS\\Extbase\\Object\\ObjectManager->get('HofUniversity\\\\C...')\n#6 \/var\/www\/developer\/sites\/new-site\/vendor\/typo3\/cms\/typo3\/sysext\/extbase\/Classes\/Mvc\/Dispatcher.php(83): TYPO3\\CMS\\Extbase\\Mvc\\Dispatcher->resolveController(Object(TYPO3\\CMS\\Extbase\\Mvc\\Web\\Request))\n#7 \/var\/www\/developer\/sites\/new-site\/vendor\/typo3\/cms\/typo3\/sysext\/extbase\/Classes\/Mvc\/Web\/FrontendRequestHandler.php(91): TYPO3\\CMS\\Extbase\\Mvc\\Dispatcher->dispatch(Object(TYPO3\\CMS\\Extbase\\Mvc\\Web\\Request), Object(TYPO3\\CMS\\Extbase\\Mvc\\Web\\Response))\n#8 \/var\/www\/developer\/sites\/new-site\/vendor\/typo3\/cms\/typo3\/sysext\/extbase\/Classes\/Core\/Bootstrap.php(199): TYPO3\\CMS\\Extbase\\Mvc\\Web\\FrontendRequestHandler->handleRequest()\n#9 \/var\/www\/developer\/sites\/new-site\/vendor\/typo3\/cms\/typo3\/sysext\/extbase\/Classes\/Core\/Bootstrap.php(186): TYPO3\\CMS\\Extbase\\Core\\Bootstrap->handleRequest()\n#10 [internal function]: TYPO3\\CMS\\Extbase\\Core\\Bootstrap->run('', Array)\n#11 \/var\/www\/developer\/sites\/new-site\/vendor\/typo3\/cms\/typo3\/sysext\/frontend\/Classes\/ContentObject\/ContentObjectRenderer.php(6252): call_user_func_array(Array, Array)\n#12 \/var\/www\/developer\/sites\/new-site\/vendor\/typo3\/cms\/typo3\/sysext\/frontend\/Classes\/ContentObject\/UserContentObject.php(41): TYPO3\\CMS\\Frontend\\ContentObject\\ContentObjectRenderer->callUserFunction('TYPO3\\\\CMS\\\\Extba...', Array, '')\n#13 \/var\/www\/developer\/sites\/new-site\/vendor\/typo3\/cms\/typo3\/sysext\/frontend\/Classes\/ContentObject\/ContentObjectRenderer.php(819): TYPO3\\CMS\\Frontend\\ContentObject\\UserContentObject->render(Array)\n#14 \/var\/www\/developer\/sites\/new-site\/vendor\/typo3\/cms\/typo3\/sysext\/frontend\/Classes\/ContentObject\/ContentObjectRenderer.php(735): TYPO3\\CMS\\Frontend\\ContentObject\\ContentObjectRenderer->render(Object(TYPO3\\CMS\\Frontend\\ContentObject\\UserContentObject), Array)\n#15 \/var\/www\/developer\/sites\/new-site\/vendor\/typo3\/cms\/typo3\/sysext\/fluid\/Classes\/ViewHelpers\/CObjectViewHelper.php(154): TYPO3\\CMS\\Frontend\\ContentObject\\ContentObjectRenderer->cObjGetSingle('USER', Array)\n#16 [internal function]: TYPO3\\CMS\\Fluid\\ViewHelpers\\CObjectViewHelper->render()\n#17 \/var\/www\/developer\/sites\/new-site\/vendor\/typo3\/cms\/typo3\/sysext\/fluid\/Classes\/Core\/ViewHelper\/AbstractViewHelper.php(93): call_user_func_array(Array, Array)\n#18 \/var\/www\/developer\/sites\/new-site\/vendor\/typo3fluid\/fluid\/src\/Core\/ViewHelper\/AbstractViewHelper.php(250): TYPO3\\CMS\\Fluid\\Core\\ViewHelper\\AbstractViewHelper->callRenderMethod()\n#19 \/var\/www\/developer\/sites\/new-site\/vendor\/typo3fluid\/fluid\/src\/Core\/ViewHelper\/ViewHelperInvoker.php(79): TYPO3Fluid\\Fluid\\Core\\ViewHelper\\AbstractViewHelper->initializeArgumentsAndRender()\n#20 \/var\/www\/developer\/sites\/new-site\/vendor\/typo3fluid\/fluid\/src\/Core\/ViewHelper\/AbstractViewHelper.php(507): TYPO3Fluid\\Fluid\\Core\\ViewHelper\\ViewHelperInvoker->invoke('TYPO3\\\\CMS\\\\Fluid...', Array, Object(TYPO3\\CMS\\Fluid\\Core\\Rendering\\RenderingContext), Object(Closure))\n#21 \/var\/www\/developer\/sites\/new-site\/web\/typo3temp\/var\/Cache\/Code\/fluid_template\/Standard_action_List_35be1904ee0d12c25fa37a617a5ae569566e722b.php(59): TYPO3Fluid\\Fluid\\Core\\ViewHelper\\AbstractViewHelper::renderStatic(Array, Object(Closure), Object(TYPO3\\CMS\\Fluid\\Core\\Rendering\\RenderingContext))\n#22 \/var\/www\/developer\/sites\/new-site\/vendor\/typo3fluid\/fluid\/src\/View\/AbstractTemplateView.php(249): Standard_action_List_35be1904ee0d12c25fa37a617a5ae569566e722b->section_62bce9422ff2d14f69ab80a154510232fc8a9afd(Object(TYPO3\\CMS\\Fluid\\Core\\Rendering\\RenderingContext))\n#23 \/var\/www\/developer\/sites\/new-site\/vendor\/typo3fluid\/fluid\/src\/ViewHelpers\/RenderViewHelper.php(143): TYPO3Fluid\\Fluid\\View\\AbstractTemplateView->renderSection('Main', Array, true)\n#24 \/var\/www\/developer\/sites\/new-site\/web\/typo3temp\/var\/Cache\/Code\/fluid_template\/layout_Default_html_2d22c292ee649735117fb66c076220ee8c5fbbcc.php(1496): TYPO3Fluid\\Fluid\\ViewHelpers\\RenderViewHelper::renderStatic(Array, Object(Closure), Object(TYPO3\\CMS\\Fluid\\Core\\Rendering\\RenderingContext))\n#25 \/var\/www\/developer\/sites\/new-site\/vendor\/typo3fluid\/fluid\/src\/Core\/ViewHelper\/AbstractConditionViewHelper.php(85): layout_Default_html_2d22c292ee649735117fb66c076220ee8c5fbbcc->{closure}()\n#26 \/var\/www\/developer\/sites\/new-site\/web\/typo3temp\/var\/Cache\/Code\/fluid_template\/layout_Default_html_2d22c292ee649735117fb66c076220ee8c5fbbcc.php(2007): TYPO3Fluid\\Fluid\\Core\\ViewHelper\\AbstractConditionViewHelper::renderStatic(Array, Object(Closure), Object(TYPO3\\CMS\\Fluid\\Core\\Rendering\\RenderingContext))\n#27 \/var\/www\/developer\/sites\/new-site\/vendor\/typo3fluid\/fluid\/src\/ViewHelpers\/SpacelessViewHelper.php(55): layout_Default_html_2d22c292ee649735117fb66c076220ee8c5fbbcc->{closure}()\n#28 \/var\/www\/developer\/sites\/new-site\/web\/typo3temp\/var\/Cache\/Code\/fluid_template\/layout_Default_html_2d22c292ee649735117fb66c076220ee8c5fbbcc.php(2015): TYPO3Fluid\\Fluid\\ViewHelpers\\SpacelessViewHelper::renderStatic(Array, Object(Closure), Object(TYPO3\\CMS\\Fluid\\Core\\Rendering\\RenderingContext))\n#29 \/var\/www\/developer\/sites\/new-site\/vendor\/typo3fluid\/fluid\/src\/View\/AbstractTemplateView.php(200): layout_Default_html_2d22c292ee649735117fb66c076220ee8c5fbbcc->render(Object(TYPO3\\CMS\\Fluid\\Core\\Rendering\\RenderingContext))\n#30 \/var\/www\/developer\/sites\/new-site\/vendor\/typo3\/cms\/typo3\/sysext\/frontend\/Classes\/ContentObject\/FluidTemplateContentObject.php(340): TYPO3Fluid\\Fluid\\View\\AbstractTemplateView->render()\n#31 \/var\/www\/developer\/sites\/new-site\/vendor\/typo3\/cms\/typo3\/sysext\/frontend\/Classes\/ContentObject\/FluidTemplateContentObject.php(106): TYPO3\\CMS\\Frontend\\ContentObject\\FluidTemplateContentObject->renderFluidView()\n#32 \/var\/www\/developer\/sites\/new-site\/vendor\/typo3\/cms\/typo3\/sysext\/frontend\/Classes\/ContentObject\/ContentObjectRenderer.php(819): TYPO3\\CMS\\Frontend\\ContentObject\\FluidTemplateContentObject->render(Array)\n#33 \/var\/www\/developer\/sites\/new-site\/vendor\/typo3\/cms\/typo3\/sysext\/frontend\/Classes\/ContentObject\/ContentObjectRenderer.php(735): TYPO3\\CMS\\Frontend\\ContentObject\\ContentObjectRenderer->render(Object(TYPO3\\CMS\\Frontend\\ContentObject\\FluidTemplateContentObject), Array)\n#34 \/var\/www\/developer\/sites\/new-site\/vendor\/typo3\/cms\/typo3\/sysext\/frontend\/Classes\/ContentObject\/ContentObjectRenderer.php(717): TYPO3\\CMS\\Frontend\\ContentObject\\ContentObjectRenderer->cObjGetSingle('FLUIDTEMPLATE', Array, 'lib.contentElem...')\n#35 \/var\/www\/developer\/sites\/new-site\/vendor\/typo3\/cms\/typo3\/sysext\/frontend\/Classes\/ContentObject\/CaseContentObject.php(44): TYPO3\\CMS\\Frontend\\ContentObject\\ContentObjectRenderer->cObjGetSingle('FLUIDTEMPLATE', Array, 'list')\n#36 \/var\/www\/developer\/sites\/new-site\/vendor\/typo3\/cms\/typo3\/sysext\/frontend\/Classes\/ContentObject\/ContentObjectRenderer.php(819): TYPO3\\CMS\\Frontend\\ContentObject\\CaseContentObject->render(Array)\n#37 \/var\/www\/developer\/sites\/new-site\/vendor\/typo3\/cms\/typo3\/sysext\/frontend\/Classes\/ContentObject\/ContentObjectRenderer.php(735): TYPO3\\CMS\\Frontend\\ContentObject\\ContentObjectRenderer->render(Object(TYPO3\\CMS\\Frontend\\ContentObject\\CaseContentObject), Array)\n#38 \/var\/www\/developer\/sites\/new-site\/vendor\/typo3\/cms\/typo3\/sysext\/frontend\/Classes\/ContentObject\/ContentObjectRenderer.php(717): TYPO3\\CMS\\Frontend\\ContentObject\\ContentObjectRenderer->cObjGetSingle('CASE', Array, 'tt_content')\n#39 \/var\/www\/developer\/sites\/new-site\/vendor\/typo3\/cms\/typo3\/sysext\/frontend\/Classes\/ContentObject\/ContentContentObject.php(96): TYPO3\\CMS\\Frontend\\ContentObject\\ContentObjectRenderer->cObjGetSingle('CASE', Array, '')\n#40 \/var\/www\/developer\/sites\/new-site\/vendor\/typo3\/cms\/typo3\/sysext\/frontend\/Classes\/ContentObject\/ContentObjectRenderer.php(819): TYPO3\\CMS\\Frontend\\ContentObject\\ContentContentObject->render(Array)\n#41 \/var\/www\/developer\/sites\/new-site\/vendor\/typo3\/cms\/typo3\/sysext\/frontend\/Classes\/ContentObject\/ContentObjectRenderer.php(735): TYPO3\\CMS\\Frontend\\ContentObject\\ContentObjectRenderer->render(Object(TYPO3\\CMS\\Frontend\\ContentObject\\ContentContentObject), Array)\n#42 \/var\/www\/developer\/sites\/new-site\/vendor\/typo3\/cms\/typo3\/sysext\/frontend\/Classes\/ContentObject\/ContentObjectRenderer.php(681): TYPO3\\CMS\\Frontend\\ContentObject\\ContentObjectRenderer->cObjGetSingle('CONTENT', Array, '20')\n#43 \/var\/www\/developer\/sites\/new-site\/vendor\/typo3\/cms\/typo3\/sysext\/frontend\/Classes\/ContentObject\/ContentObjectArrayContentObject.php(41): TYPO3\\CMS\\Frontend\\ContentObject\\ContentObjectRenderer->cObjGet(Array)\n#44 \/var\/www\/developer\/sites\/new-site\/vendor\/typo3\/cms\/typo3\/sysext\/frontend\/Classes\/ContentObject\/ContentObjectRenderer.php(819): TYPO3\\CMS\\Frontend\\ContentObject\\ContentObjectArrayContentObject->render(Array)\n#45 \/var\/www\/developer\/sites\/new-site\/vendor\/typo3\/cms\/typo3\/sysext\/frontend\/Classes\/ContentObject\/ContentObjectRenderer.php(735): TYPO3\\CMS\\Frontend\\ContentObject\\ContentObjectRenderer->render(Object(TYPO3\\CMS\\Frontend\\ContentObject\\ContentObjectArrayContentObject), Array)\n#46 \/var\/www\/developer\/sites\/new-site\/vendor\/typo3\/cms\/typo3\/sysext\/fluid\/Classes\/ViewHelpers\/CObjectViewHelper.php(154): TYPO3\\CMS\\Frontend\\ContentObject\\ContentObjectRenderer->cObjGetSingle('COA', Array)\n#47 [internal function]: TYPO3\\CMS\\Fluid\\ViewHelpers\\CObjectViewHelper->render()\n#48 \/var\/www\/developer\/sites\/new-site\/vendor\/typo3\/cms\/typo3\/sysext\/fluid\/Classes\/Core\/ViewHelper\/AbstractViewHelper.php(93): call_user_func_array(Array, Array)\n#49 \/var\/www\/developer\/sites\/new-site\/vendor\/typo3fluid\/fluid\/src\/Core\/ViewHelper\/AbstractViewHelper.php(250): TYPO3\\CMS\\Fluid\\Core\\ViewHelper\\AbstractViewHelper->callRenderMethod()\n#50 \/var\/www\/developer\/sites\/new-site\/vendor\/typo3fluid\/fluid\/src\/Core\/ViewHelper\/ViewHelperInvoker.php(79): TYPO3Fluid\\Fluid\\Core\\ViewHelper\\AbstractViewHelper->initializeArgumentsAndRender()\n#51 \/var\/www\/developer\/sites\/new-site\/vendor\/typo3fluid\/fluid\/src\/Core\/ViewHelper\/AbstractViewHelper.php(507): TYPO3Fluid\\Fluid\\Core\\ViewHelper\\ViewHelperInvoker->invoke('TYPO3\\\\CMS\\\\Fluid...', Array, Object(TYPO3\\CMS\\Fluid\\Core\\Rendering\\RenderingContext), Object(Closure))\n#52 \/var\/www\/developer\/sites\/new-site\/web\/typo3temp\/var\/Cache\/Code\/fluid_template\/Standard_action_Default_3a3740a6d8faa9e16c0218db2a133b953bb6dcd4.php(57): TYPO3Fluid\\Fluid\\Core\\ViewHelper\\AbstractViewHelper::renderStatic(Array, Object(Closure), Object(TYPO3\\CMS\\Fluid\\Core\\Rendering\\RenderingContext))\n#53 \/var\/www\/developer\/sites\/new-site\/vendor\/typo3fluid\/fluid\/src\/View\/AbstractTemplateView.php(249): Standard_action_Default_3a3740a6d8faa9e16c0218db2a133b953bb6dcd4->section_62bce9422ff2d14f69ab80a154510232fc8a9afd(Object(TYPO3\\CMS\\Fluid\\Core\\Rendering\\RenderingContext))\n#54 \/var\/www\/developer\/sites\/new-site\/vendor\/typo3fluid\/fluid\/src\/ViewHelpers\/RenderViewHelper.php(143): TYPO3Fluid\\Fluid\\View\\AbstractTemplateView->renderSection('Main', Array, false)\n#55 \/var\/www\/developer\/sites\/new-site\/web\/typo3temp\/var\/Cache\/Code\/fluid_template\/layout_Default_html_74fbb27beacd6b4b0a9312020281ebb3d752f8e4.php(158): TYPO3Fluid\\Fluid\\ViewHelpers\\RenderViewHelper::renderStatic(Array, Object(Closure), Object(TYPO3\\CMS\\Fluid\\Core\\Rendering\\RenderingContext))\n#56 \/var\/www\/developer\/sites\/new-site\/vendor\/typo3fluid\/fluid\/src\/ViewHelpers\/SpacelessViewHelper.php(55): layout_Default_html_74fbb27beacd6b4b0a9312020281ebb3d752f8e4->{closure}()\n#57 \/var\/www\/developer\/sites\/new-site\/web\/typo3temp\/var\/Cache\/Code\/fluid_template\/layout_Default_html_74fbb27beacd6b4b0a9312020281ebb3d752f8e4.php(213): TYPO3Fluid\\Fluid\\ViewHelpers\\SpacelessViewHelper::renderStatic(Array, Object(Closure), Object(TYPO3\\CMS\\Fluid\\Core\\Rendering\\RenderingContext))\n#58 \/var\/www\/developer\/sites\/new-site\/vendor\/typo3fluid\/fluid\/src\/View\/AbstractTemplateView.php(200): layout_Default_html_74fbb27beacd6b4b0a9312020281ebb3d752f8e4->render(Object(TYPO3\\CMS\\Fluid\\Core\\Rendering\\RenderingContext))\n#59 \/var\/www\/developer\/sites\/new-site\/vendor\/typo3\/cms\/typo3\/sysext\/frontend\/Classes\/ContentObject\/FluidTemplateContentObject.php(340): TYPO3Fluid\\Fluid\\View\\AbstractTemplateView->render()\n#60 \/var\/www\/developer\/sites\/new-site\/vendor\/typo3\/cms\/typo3\/sysext\/frontend\/Classes\/ContentObject\/FluidTemplateContentObject.php(106): TYPO3\\CMS\\Frontend\\ContentObject\\FluidTemplateContentObject->renderFluidView()\n#61 \/var\/www\/developer\/sites\/new-site\/vendor\/typo3\/cms\/typo3\/sysext\/frontend\/Classes\/ContentObject\/ContentObjectRenderer.php(819): TYPO3\\CMS\\Frontend\\ContentObject\\FluidTemplateContentObject->render(Array)\n#62 \/var\/www\/developer\/sites\/new-site\/vendor\/typo3\/cms\/typo3\/sysext\/frontend\/Classes\/ContentObject\/ContentObjectRenderer.php(735): TYPO3\\CMS\\Frontend\\ContentObject\\ContentObjectRenderer->render(Object(TYPO3\\CMS\\Frontend\\ContentObject\\FluidTemplateContentObject), Array)\n#63 \/var\/www\/developer\/sites\/new-site\/vendor\/typo3\/cms\/typo3\/sysext\/frontend\/Classes\/ContentObject\/ContentObjectRenderer.php(681): TYPO3\\CMS\\Frontend\\ContentObject\\ContentObjectRenderer->cObjGetSingle('FLUIDTEMPLATE', Array, '10')\n#64 \/var\/www\/developer\/sites\/new-site\/vendor\/typo3\/cms\/typo3\/sysext\/frontend\/Classes\/Page\/PageGenerator.php(195): TYPO3\\CMS\\Frontend\\ContentObject\\ContentObjectRenderer->cObjGet(Array)\n#65 \/var\/www\/developer\/sites\/new-site\/vendor\/typo3\/cms\/typo3\/sysext\/frontend\/Classes\/Http\/RequestHandler.php(211): TYPO3\\CMS\\Frontend\\Page\\PageGenerator::renderContent()\n#66 \/var\/www\/developer\/sites\/new-site\/vendor\/typo3\/cms\/typo3\/sysext\/core\/Classes\/Core\/Bootstrap.php(315): TYPO3\\CMS\\Frontend\\Http\\RequestHandler->handleRequest(Object(TYPO3\\CMS\\Core\\Http\\ServerRequest))\n#67 \/var\/www\/developer\/sites\/new-site\/vendor\/typo3\/cms\/typo3\/sysext\/frontend\/Classes\/Http\/Application.php(79): TYPO3\\CMS\\Core\\Core\\Bootstrap->handleRequest(Object(TYPO3\\CMS\\Core\\Http\\ServerRequest))\n#68 \/var\/www\/developer\/sites\/new-site\/vendor\/typo3\/cms\/typo3\/sysext\/frontend\/Resources\/Private\/Php\/frontend.php(23): TYPO3\\CMS\\Frontend\\Http\\Application->run()\n#69 \/var\/www\/developer\/sites\/new-site\/vendor\/typo3\/cms\/typo3\/sysext\/frontend\/Resources\/Private\/Php\/frontend.php(24): {closure}()\n#70 \/var\/www\/developer\/sites\/new-site\/vendor\/typo3\/cms\/index.php(3): require('\/var\/www\/develo...')\n#71 {main}\n\nNext TYPO3\\CMS\\Extbase\\Object\\Container\\Exception\\UnknownObjectException: Could not analyse class: \"HofUniversity\\CarRental\\Controller\\CarController\" maybe not loaded or no autoloader? Class HofUniversity\\CarRental\\Controller\\CarController does not exist in \/var\/www\/developer\/sites\/new-site\/vendor\/typo3\/cms\/typo3\/sysext\/extbase\/Classes\/Object\/Container\/ClassInfoFactory.php:37\nStack trace:\n#0 \/var\/www\/developer\/sites\/new-site\/vendor\/typo3\/cms\/typo3\/sysext\/extbase\/Classes\/Object\/Container\/Container.php(347): TYPO3\\CMS\\Extbase\\Object\\Container\\ClassInfoFactory->buildClassInfoFromClassName('HofUniversity\\\\C...')\n#1 \/var\/www\/developer\/sites\/new-site\/vendor\/typo3\/cms\/typo3\/sysext\/extbase\/Classes\/Object\/Container\/Container.php(173): TYPO3\\CMS\\Extbase\\Object\\Container\\Container->getClassInfo('HofUniversity\\\\C...')\n#2 \/var\/www\/developer\/sites\/new-site\/vendor\/typo3\/cms\/typo3\/sysext\/extbase\/Classes\/Object\/Container\/Container.php(126): TYPO3\\CMS\\Extbase\\Object\\Container\\Container->getInstanceInternal('HofUniversity\\\\C...', Array)\n#3 \/var\/www\/developer\/sites\/new-site\/vendor\/typo3\/cms\/typo3\/sysext\/extbase\/Classes\/Object\/ObjectManager.php(98): TYPO3\\CMS\\Extbase\\Object\\Container\\Container->getInstance('HofUniversity\\\\C...', Array)\n#4 \/var\/www\/developer\/sites\/new-site\/vendor\/typo3\/cms\/typo3\/sysext\/extbase\/Classes\/Mvc\/Dispatcher.php(114): TYPO3\\CMS\\Extbase\\Object\\ObjectManager->get('HofUniversity\\\\C...')\n#5 \/var\/www\/developer\/sites\/new-site\/vendor\/typo3\/cms\/typo3\/sysext\/extbase\/Classes\/Mvc\/Dispatcher.php(83): TYPO3\\CMS\\Extbase\\Mvc\\Dispatcher->resolveController(Object(TYPO3\\CMS\\Extbase\\Mvc\\Web\\Request))\n#6 \/var\/www\/developer\/sites\/new-site\/vendor\/typo3\/cms\/typo3\/sysext\/extbase\/Classes\/Mvc\/Web\/FrontendRequestHandler.php(91): TYPO3\\CMS\\Extbase\\Mvc\\Dispatcher->dispatch(Object(TYPO3\\CMS\\Extbase\\Mvc\\Web\\Request), Object(TYPO3\\CMS\\Extbase\\Mvc\\Web\\Response))\n#7 \/var\/www\/developer\/sites\/new-site\/vendor\/typo3\/cms\/typo3\/sysext\/extbase\/Classes\/Core\/Bootstrap.php(199): TYPO3\\CMS\\Extbase\\Mvc\\Web\\FrontendRequestHandler->handleRequest()\n#8 \/var\/www\/developer\/sites\/new-site\/vendor\/typo3\/cms\/typo3\/sysext\/extbase\/Classes\/Core\/Bootstrap.php(186): TYPO3\\CMS\\Extbase\\Core\\Bootstrap->handleRequest()\n#9 [internal function]: TYPO3\\CMS\\Extbase\\Core\\Bootstrap->run('', Array)\n#10 \/var\/www\/developer\/sites\/new-site\/vendor\/typo3\/cms\/typo3\/sysext\/frontend\/Classes\/ContentObject\/ContentObjectRenderer.php(6252): call_user_func_array(Array, Array)\n#11 \/var\/www\/developer\/sites\/new-site\/vendor\/typo3\/cms\/typo3\/sysext\/frontend\/Classes\/ContentObject\/UserContentObject.php(41): TYPO3\\CMS\\Frontend\\ContentObject\\ContentObjectRenderer->callUserFunction('TYPO3\\\\CMS\\\\Extba...', Array, '')\n#12 \/var\/www\/developer\/sites\/new-site\/vendor\/typo3\/cms\/typo3\/sysext\/frontend\/Classes\/ContentObject\/ContentObjectRenderer.php(819): TYPO3\\CMS\\Frontend\\ContentObject\\UserContentObject->render(Array)\n#13 \/var\/www\/developer\/sites\/new-site\/vendor\/typo3\/cms\/typo3\/sysext\/frontend\/Classes\/ContentObject\/ContentObjectRenderer.php(735): TYPO3\\CMS\\Frontend\\ContentObject\\ContentObjectRenderer->render(Object(TYPO3\\CMS\\Frontend\\ContentObject\\UserContentObject), Array)\n#14 \/var\/www\/developer\/sites\/new-site\/vendor\/typo3\/cms\/typo3\/sysext\/fluid\/Classes\/ViewHelpers\/CObjectViewHelper.php(154): TYPO3\\CMS\\Frontend\\ContentObject\\ContentObjectRenderer->cObjGetSingle('USER', Array)\n#15 [internal function]: TYPO3\\CMS\\Fluid\\ViewHelpers\\CObjectViewHelper->render()\n#16 \/var\/www\/developer\/sites\/new-site\/vendor\/typo3\/cms\/typo3\/sysext\/fluid\/Classes\/Core\/ViewHelper\/AbstractViewHelper.php(93): call_user_func_array(Array, Array)\n#17 \/var\/www\/developer\/sites\/new-site\/vendor\/typo3fluid\/fluid\/src\/Core\/ViewHelper\/AbstractViewHelper.php(250): TYPO3\\CMS\\Fluid\\Core\\ViewHelper\\AbstractViewHelper->callRenderMethod()\n#18 \/var\/www\/developer\/sites\/new-site\/vendor\/typo3fluid\/fluid\/src\/Core\/ViewHelper\/ViewHelperInvoker.php(79): TYPO3Fluid\\Fluid\\Core\\ViewHelper\\AbstractViewHelper->initializeArgumentsAndRender()\n#19 \/var\/www\/developer\/sites\/new-site\/vendor\/typo3fluid\/fluid\/src\/Core\/ViewHelper\/AbstractViewHelper.php(507): TYPO3Fluid\\Fluid\\Core\\ViewHelper\\ViewHelperInvoker->invoke('TYPO3\\\\CMS\\\\Fluid...', Array, Object(TYPO3\\CMS\\Fluid\\Core\\Rendering\\RenderingContext), Object(Closure))\n#20 \/var\/www\/developer\/sites\/new-site\/web\/typo3temp\/var\/Cache\/Code\/fluid_template\/Standard_action_List_35be1904ee0d12c25fa37a617a5ae569566e722b.php(59): TYPO3Fluid\\Fluid\\Core\\ViewHelper\\AbstractViewHelper::renderStatic(Array, Object(Closure), Object(TYPO3\\CMS\\Fluid\\Core\\Rendering\\RenderingContext))\n#21 \/var\/www\/developer\/sites\/new-site\/vendor\/typo3fluid\/fluid\/src\/View\/AbstractTemplateView.php(249): Standard_action_List_35be1904ee0d12c25fa37a617a5ae569566e722b->section_62bce9422ff2d14f69ab80a154510232fc8a9afd(Object(TYPO3\\CMS\\Fluid\\Core\\Rendering\\RenderingContext))\n#22 \/var\/www\/developer\/sites\/new-site\/vendor\/typo3fluid\/fluid\/src\/ViewHelpers\/RenderViewHelper.php(143): TYPO3Fluid\\Fluid\\View\\AbstractTemplateView->renderSection('Main', Array, true)\n#23 \/var\/www\/developer\/sites\/new-site\/web\/typo3temp\/var\/Cache\/Code\/fluid_template\/layout_Default_html_2d22c292ee649735117fb66c076220ee8c5fbbcc.php(1496): TYPO3Fluid\\Fluid\\ViewHelpers\\RenderViewHelper::renderStatic(Array, Object(Closure), Object(TYPO3\\CMS\\Fluid\\Core\\Rendering\\RenderingContext))\n#24 \/var\/www\/developer\/sites\/new-site\/vendor\/typo3fluid\/fluid\/src\/Core\/ViewHelper\/AbstractConditionViewHelper.php(85): layout_Default_html_2d22c292ee649735117fb66c076220ee8c5fbbcc->{closure}()\n#25 \/var\/www\/developer\/sites\/new-site\/web\/typo3temp\/var\/Cache\/Code\/fluid_template\/layout_Default_html_2d22c292ee649735117fb66c076220ee8c5fbbcc.php(2007): TYPO3Fluid\\Fluid\\Core\\ViewHelper\\AbstractConditionViewHelper::renderStatic(Array, Object(Closure), Object(TYPO3\\CMS\\Fluid\\Core\\Rendering\\RenderingContext))\n#26 \/var\/www\/developer\/sites\/new-site\/vendor\/typo3fluid\/fluid\/src\/ViewHelpers\/SpacelessViewHelper.php(55): layout_Default_html_2d22c292ee649735117fb66c076220ee8c5fbbcc->{closure}()\n#27 \/var\/www\/developer\/sites\/new-site\/web\/typo3temp\/var\/Cache\/Code\/fluid_template\/layout_Default_html_2d22c292ee649735117fb66c076220ee8c5fbbcc.php(2015): TYPO3Fluid\\Fluid\\ViewHelpers\\SpacelessViewHelper::renderStatic(Array, Object(Closure), Object(TYPO3\\CMS\\Fluid\\Core\\Rendering\\RenderingContext))\n#28 \/var\/www\/developer\/sites\/new-site\/vendor\/typo3fluid\/fluid\/src\/View\/AbstractTemplateView.php(200): layout_Default_html_2d22c292ee649735117fb66c076220ee8c5fbbcc->render(Object(TYPO3\\CMS\\Fluid\\Core\\Rendering\\RenderingContext))\n#29 \/var\/www\/developer\/sites\/new-site\/vendor\/typo3\/cms\/typo3\/sysext\/frontend\/Classes\/ContentObject\/FluidTemplateContentObject.php(340): TYPO3Fluid\\Fluid\\View\\AbstractTemplateView->render()\n#30 \/var\/www\/developer\/sites\/new-site\/vendor\/typo3\/cms\/typo3\/sysext\/frontend\/Classes\/ContentObject\/FluidTemplateContentObject.php(106): TYPO3\\CMS\\Frontend\\ContentObject\\FluidTemplateContentObject->renderFluidView()\n#31 \/var\/www\/developer\/sites\/new-site\/vendor\/typo3\/cms\/typo3\/sysext\/frontend\/Classes\/ContentObject\/ContentObjectRenderer.php(819): TYPO3\\CMS\\Frontend\\ContentObject\\FluidTemplateContentObject->render(Array)\n#32 \/var\/www\/developer\/sites\/new-site\/vendor\/typo3\/cms\/typo3\/sysext\/frontend\/Classes\/ContentObject\/ContentObjectRenderer.php(735): TYPO3\\CMS\\Frontend\\ContentObject\\ContentObjectRenderer->render(Object(TYPO3\\CMS\\Frontend\\ContentObject\\FluidTemplateContentObject), Array)\n#33 \/var\/www\/developer\/sites\/new-site\/vendor\/typo3\/cms\/typo3\/sysext\/frontend\/Classes\/ContentObject\/ContentObjectRenderer.php(717): TYPO3\\CMS\\Frontend\\ContentObject\\ContentObjectRenderer->cObjGetSingle('FLUIDTEMPLATE', Array, 'lib.contentElem...')\n#34 \/var\/www\/developer\/sites\/new-site\/vendor\/typo3\/cms\/typo3\/sysext\/frontend\/Classes\/ContentObject\/CaseContentObject.php(44): TYPO3\\CMS\\Frontend\\ContentObject\\ContentObjectRenderer->cObjGetSingle('FLUIDTEMPLATE', Array, 'list')\n#35 \/var\/www\/developer\/sites\/new-site\/vendor\/typo3\/cms\/typo3\/sysext\/frontend\/Classes\/ContentObject\/ContentObjectRenderer.php(819): TYPO3\\CMS\\Frontend\\ContentObject\\CaseContentObject->render(Array)\n#36 \/var\/www\/developer\/sites\/new-site\/vendor\/typo3\/cms\/typo3\/sysext\/frontend\/Classes\/ContentObject\/ContentObjectRenderer.php(735): TYPO3\\CMS\\Frontend\\ContentObject\\ContentObjectRenderer->render(Object(TYPO3\\CMS\\Frontend\\ContentObject\\CaseContentObject), Array)\n#37 \/var\/www\/developer\/sites\/new-site\/vendor\/typo3\/cms\/typo3\/sysext\/frontend\/Classes\/ContentObject\/ContentObjectRenderer.php(717): TYPO3\\CMS\\Frontend\\ContentObject\\ContentObjectRenderer->cObjGetSingle('CASE', Array, 'tt_content')\n#38 \/var\/www\/developer\/sites\/new-site\/vendor\/typo3\/cms\/typo3\/sysext\/frontend\/Classes\/ContentObject\/ContentContentObject.php(96): TYPO3\\CMS\\Frontend\\ContentObject\\ContentObjectRenderer->cObjGetSingle('CASE', Array, '')\n#39 \/var\/www\/developer\/sites\/new-site\/vendor\/typo3\/cms\/typo3\/sysext\/frontend\/Classes\/ContentObject\/ContentObjectRenderer.php(819): TYPO3\\CMS\\Frontend\\ContentObject\\ContentContentObject->render(Array)\n#40 \/var\/www\/developer\/sites\/new-site\/vendor\/typo3\/cms\/typo3\/sysext\/frontend\/Classes\/ContentObject\/ContentObjectRenderer.php(735): TYPO3\\CMS\\Frontend\\ContentObject\\ContentObjectRenderer->render(Object(TYPO3\\CMS\\Frontend\\ContentObject\\ContentContentObject), Array)\n#41 \/var\/www\/developer\/sites\/new-site\/vendor\/typo3\/cms\/typo3\/sysext\/frontend\/Classes\/ContentObject\/ContentObjectRenderer.php(681): TYPO3\\CMS\\Frontend\\ContentObject\\ContentObjectRenderer->cObjGetSingle('CONTENT', Array, '20')\n#42 \/var\/www\/developer\/sites\/new-site\/vendor\/typo3\/cms\/typo3\/sysext\/frontend\/Classes\/ContentObject\/ContentObjectArrayContentObject.php(41): TYPO3\\CMS\\Frontend\\ContentObject\\ContentObjectRenderer->cObjGet(Array)\n#43 \/var\/www\/developer\/sites\/new-site\/vendor\/typo3\/cms\/typo3\/sysext\/frontend\/Classes\/ContentObject\/ContentObjectRenderer.php(819): TYPO3\\CMS\\Frontend\\ContentObject\\ContentObjectArrayContentObject->render(Array)\n#44 \/var\/www\/developer\/sites\/new-site\/vendor\/typo3\/cms\/typo3\/sysext\/frontend\/Classes\/ContentObject\/ContentObjectRenderer.php(735): TYPO3\\CMS\\Frontend\\ContentObject\\ContentObjectRenderer->render(Object(TYPO3\\CMS\\Frontend\\ContentObject\\ContentObjectArrayContentObject), Array)\n#45 \/var\/www\/developer\/sites\/new-site\/vendor\/typo3\/cms\/typo3\/sysext\/fluid\/Classes\/ViewHelpers\/CObjectViewHelper.php(154): TYPO3\\CMS\\Frontend\\ContentObject\\ContentObjectRenderer->cObjGetSingle('COA', Array)\n#46 [internal function]: TYPO3\\CMS\\Fluid\\ViewHelpers\\CObjectViewHelper->render()\n#47 \/var\/www\/developer\/sites\/new-site\/vendor\/typo3\/cms\/typo3\/sysext\/fluid\/Classes\/Core\/ViewHelper\/AbstractViewHelper.php(93): call_user_func_array(Array, Array)\n#48 \/var\/www\/developer\/sites\/new-site\/vendor\/typo3fluid\/fluid\/src\/Core\/ViewHelper\/AbstractViewHelper.php(250): TYPO3\\CMS\\Fluid\\Core\\ViewHelper\\AbstractViewHelper->callRenderMethod()\n#49 \/var\/www\/developer\/sites\/new-site\/vendor\/typo3fluid\/fluid\/src\/Core\/ViewHelper\/ViewHelperInvoker.php(79): TYPO3Fluid\\Fluid\\Core\\ViewHelper\\AbstractViewHelper->initializeArgumentsAndRender()\n#50 \/var\/www\/developer\/sites\/new-site\/vendor\/typo3fluid\/fluid\/src\/Core\/ViewHelper\/AbstractViewHelper.php(507): TYPO3Fluid\\Fluid\\Core\\ViewHelper\\ViewHelperInvoker->invoke('TYPO3\\\\CMS\\\\Fluid...', Array, Object(TYPO3\\CMS\\Fluid\\Core\\Rendering\\RenderingContext), Object(Closure))\n#51 \/var\/www\/developer\/sites\/new-site\/web\/typo3temp\/var\/Cache\/Code\/fluid_template\/Standard_action_Default_3a3740a6d8faa9e16c0218db2a133b953bb6dcd4.php(57): TYPO3Fluid\\Fluid\\Core\\ViewHelper\\AbstractViewHelper::renderStatic(Array, Object(Closure), Object(TYPO3\\CMS\\Fluid\\Core\\Rendering\\RenderingContext))\n#52 \/var\/www\/developer\/sites\/new-site\/vendor\/typo3fluid\/fluid\/src\/View\/AbstractTemplateView.php(249): Standard_action_Default_3a3740a6d8faa9e16c0218db2a133b953bb6dcd4->section_62bce9422ff2d14f69ab80a154510232fc8a9afd(Object(TYPO3\\CMS\\Fluid\\Core\\Rendering\\RenderingContext))\n#53 \/var\/www\/developer\/sites\/new-site\/vendor\/typo3fluid\/fluid\/src\/ViewHelpers\/RenderViewHelper.php(143): TYPO3Fluid\\Fluid\\View\\AbstractTemplateView->renderSection('Main', Array, false)\n#54 \/var\/www\/developer\/sites\/new-site\/web\/typo3temp\/var\/Cache\/Code\/fluid_template\/layout_Default_html_74fbb27beacd6b4b0a9312020281ebb3d752f8e4.php(158): TYPO3Fluid\\Fluid\\ViewHelpers\\RenderViewHelper::renderStatic(Array, Object(Closure), Object(TYPO3\\CMS\\Fluid\\Core\\Rendering\\RenderingContext))\n#55 \/var\/www\/developer\/sites\/new-site\/vendor\/typo3fluid\/fluid\/src\/ViewHelpers\/SpacelessViewHelper.php(55): layout_Default_html_74fbb27beacd6b4b0a9312020281ebb3d752f8e4->{closure}()\n#56 \/var\/www\/developer\/sites\/new-site\/web\/typo3temp\/var\/Cache\/Code\/fluid_template\/layout_Default_html_74fbb27beacd6b4b0a9312020281ebb3d752f8e4.php(213): TYPO3Fluid\\Fluid\\ViewHelpers\\SpacelessViewHelper::renderStatic(Array, Object(Closure), Object(TYPO3\\CMS\\Fluid\\Core\\Rendering\\RenderingContext))\n#57 \/var\/www\/developer\/sites\/new-site\/vendor\/typo3fluid\/fluid\/src\/View\/AbstractTemplateView.php(200): layout_Default_html_74fbb27beacd6b4b0a9312020281ebb3d752f8e4->render(Object(TYPO3\\CMS\\Fluid\\Core\\Rendering\\RenderingContext))\n#58 \/var\/www\/developer\/sites\/new-site\/vendor\/typo3\/cms\/typo3\/sysext\/frontend\/Classes\/ContentObject\/FluidTemplateContentObject.php(340): TYPO3Fluid\\Fluid\\View\\AbstractTemplateView->render()\n#59 \/var\/www\/developer\/sites\/new-site\/vendor\/typo3\/cms\/typo3\/sysext\/frontend\/Classes\/ContentObject\/FluidTemplateContentObject.php(106): TYPO3\\CMS\\Frontend\\ContentObject\\FluidTemplateContentObject->renderFluidView()\n#60 \/var\/www\/developer\/sites\/new-site\/vendor\/typo3\/cms\/typo3\/sysext\/frontend\/Classes\/ContentObject\/ContentObjectRenderer.php(819): TYPO3\\CMS\\Frontend\\ContentObject\\FluidTemplateContentObject->render(Array)\n#61 \/var\/www\/developer\/sites\/new-site\/vendor\/typo3\/cms\/typo3\/sysext\/frontend\/Classes\/ContentObject\/ContentObjectRenderer.php(735): TYPO3\\CMS\\Frontend\\ContentObject\\ContentObjectRenderer->render(Object(TYPO3\\CMS\\Frontend\\ContentObject\\FluidTemplateContentObject), Array)\n#62 \/var\/www\/developer\/sites\/new-site\/vendor\/typo3\/cms\/typo3\/sysext\/frontend\/Classes\/ContentObject\/ContentObjectRenderer.php(681): TYPO3\\CMS\\Frontend\\ContentObject\\ContentObjectRenderer->cObjGetSingle('FLUIDTEMPLATE', Array, '10')\n#63 \/var\/www\/developer\/sites\/new-site\/vendor\/typo3\/cms\/typo3\/sysext\/frontend\/Classes\/Page\/PageGenerator.php(195): TYPO3\\CMS\\Frontend\\ContentObject\\ContentObjectRenderer->cObjGet(Array)\n#64 \/var\/www\/developer\/sites\/new-site\/vendor\/typo3\/cms\/typo3\/sysext\/frontend\/Classes\/Http\/RequestHandler.php(211): TYPO3\\CMS\\Frontend\\Page\\PageGenerator::renderContent()\n#65 \/var\/www\/developer\/sites\/new-site\/vendor\/typo3\/cms\/typo3\/sysext\/core\/Classes\/Core\/Bootstrap.php(315): TYPO3\\CMS\\Frontend\\Http\\RequestHandler->handleRequest(Object(TYPO3\\CMS\\Core\\Http\\ServerRequest))\n#66 \/var\/www\/developer\/sites\/new-site\/vendor\/typo3\/cms\/typo3\/sysext\/frontend\/Classes\/Http\/Application.php(79): TYPO3\\CMS\\Core\\Core\\Bootstrap->handleRequest(Object(TYPO3\\CMS\\Core\\Http\\ServerRequest))\n#67 \/var\/www\/developer\/sites\/new-site\/vendor\/typo3\/cms\/typo3\/sysext\/frontend\/Resources\/Private\/Php\/frontend.php(23): TYPO3\\CMS\\Frontend\\Http\\Application->run()\n#68 \/var\/www\/developer\/sites\/new-site\/vendor\/typo3\/cms\/typo3\/sysext\/frontend\/Resources\/Private\/Php\/frontend.php(24): {closure}()\n#69 \/var\/www\/developer\/sites\/new-site\/vendor\/typo3\/cms\/index.php(3): require('\/var\/www\/develo...')\n#70 {main}"}
Sat, 13 Jan 2018 17:25:01 +0100 [WARNING] request="7ae21ec585671" component="TYPO3.CMS.Core.Utility.ExtensionManagementUtility": TYPO3\CMS\Core\Category\CategoryRegistry: no category registered for table "pages". Key was already registered. 
Sat, 13 Jan 2018 17:25:01 +0100 [WARNING] request="7ae21ec585671" component="TYPO3.CMS.Core.Utility.ExtensionManagementUtility": TYPO3\CMS\Core\Category\CategoryRegistry: no category registered for table "sys_file_metadata". Key was already registered. 
Sat, 13 Jan 2018 17:25:01 +0100 [WARNING] request="7ae21ec585671" component="TYPO3.CMS.Core.Utility.ExtensionManagementUtility": TYPO3\CMS\Core\Category\CategoryRegistry: no category registered for table "tt_content". Key was already registered. 
Sat, 13 Jan 2018 17:28:20 +0100 [WARNING] request="3e41d21301d62" component="TYPO3.CMS.Core.Utility.ExtensionManagementUtility": TYPO3\CMS\Core\Category\CategoryRegistry: no category registered for table "pages". Key was already registered. 
Sat, 13 Jan 2018 17:28:20 +0100 [WARNING] request="3e41d21301d62" component="TYPO3.CMS.Core.Utility.ExtensionManagementUtility": TYPO3\CMS\Core\Category\CategoryRegistry: no category registered for table "sys_file_metadata". Key was already registered. 
Sat, 13 Jan 2018 17:28:20 +0100 [WARNING] request="3e41d21301d62" component="TYPO3.CMS.Core.Utility.ExtensionManagementUtility": TYPO3\CMS\Core\Category\CategoryRegistry: no category registered for table "tt_content". Key was already registered. 
Sat, 13 Jan 2018 17:28:21 +0100 [WARNING] request="3e41d21301d62" component="TYPO3.CMS.Core.Utility.ExtensionManagementUtility": TYPO3\CMS\Core\Category\CategoryRegistry: no category registered for table "pages". Key was already registered. 
Sat, 13 Jan 2018 17:28:21 +0100 [WARNING] request="3e41d21301d62" component="TYPO3.CMS.Core.Utility.ExtensionManagementUtility": TYPO3\CMS\Core\Category\CategoryRegistry: no category registered for table "sys_file_metadata". Key was already registered. 
Sat, 13 Jan 2018 17:28:21 +0100 [WARNING] request="3e41d21301d62" component="TYPO3.CMS.Core.Utility.ExtensionManagementUtility": TYPO3\CMS\Core\Category\CategoryRegistry: no category registered for table "tt_content". Key was already registered. 
